Using 4 GPUs
Epoch 1/25 - Train Loss: 0.1306, Val Loss: 0.1061, Dice: 0.2125, IoU: 0.1457
Epoch 2/25 - Train Loss: 0.0986, Val Loss: 0.0840, Dice: 0.2355, IoU: 0.1660
Epoch 3/25 - Train Loss: 0.0898, Val Loss: 0.0796, Dice: 0.2346, IoU: 0.1631
Epoch 4/25 - Train Loss: 0.0831, Val Loss: 0.0735, Dice: 0.2402, IoU: 0.1666
Epoch 5/25 - Train Loss: 0.0795, Val Loss: 0.0712, Dice: 0.2232, IoU: 0.1527
Epoch 6/25 - Train Loss: 0.0765, Val Loss: 0.0717, Dice: 0.2645, IoU: 0.1892
Epoch 7/25 - Train Loss: 0.0754, Val Loss: 0.0728, Dice: 0.2124, IoU: 0.1447
Epoch 8/25 - Train Loss: 0.0744, Val Loss: 0.0691, Dice: 0.2205, IoU: 0.1512
Epoch 9/25 - Train Loss: 0.0725, Val Loss: 0.0677, Dice: 0.2573, IoU: 0.1825
Epoch 10/25 - Train Loss: 0.0725, Val Loss: 0.0682, Dice: 0.2637, IoU: 0.1882
Epoch 11/25 - Train Loss: 0.0706, Val Loss: 0.0709, Dice: 0.2866, IoU: 0.2107
Epoch 12/25 - Train Loss: 0.0696, Val Loss: 0.0632, Dice: 0.2520, IoU: 0.1783
Epoch 13/25 - Train Loss: 0.0685, Val Loss: 0.0632, Dice: 0.2516, IoU: 0.1775
Epoch 14/25 - Train Loss: 0.0675, Val Loss: 0.0659, Dice: 0.2839, IoU: 0.2078
Epoch 15/25 - Train Loss: 0.0662, Val Loss: 0.0624, Dice: 0.2350, IoU: 0.1642
Epoch 16/25 - Train Loss: 0.0654, Val Loss: 0.0622, Dice: 0.2469, IoU: 0.1739
Epoch 17/25 - Train Loss: 0.0649, Val Loss: 0.0623, Dice: 0.2256, IoU: 0.1561
Epoch 18/25 - Train Loss: 0.0637, Val Loss: 0.0606, Dice: 0.2555, IoU: 0.1805
Epoch 19/25 - Train Loss: 0.0636, Val Loss: 0.0584, Dice: 0.2725, IoU: 0.1962
Epoch 20/25 - Train Loss: 0.0626, Val Loss: 0.0584, Dice: 0.2770, IoU: 0.2005
Epoch 21/25 - Train Loss: 0.0615, Val Loss: 0.0607, Dice: 0.2684, IoU: 0.1921
Epoch 22/25 - Train Loss: 0.0612, Val Loss: 0.0586, Dice: 0.2849, IoU: 0.2073
Epoch 23/25 - Train Loss: 0.0615, Val Loss: 0.0583, Dice: 0.2733, IoU: 0.1964
Epoch 24/25 - Train Loss: 0.0607, Val Loss: 0.0574, Dice: 0.2423, IoU: 0.1697
Epoch 25/25 - Train Loss: 0.0600, Val Loss: 0.0582, Dice: 0.2514, IoU: 0.1771
Model saved to /trinity/home/skadimisetty/data/sathvik/Steel-Defect-Detection/src/unet_model.pth
Your remaining balance (at the time of job end)
User           Usage |        Account     Usage | Account Limit Available (CPU hrs)
---------- --------- + -------------- --------- + ------------- ---------
ggrotto            6 |           LEAR       137 |             0       N/A
ipastellas         3 |           LEAR       137 |             0       N/A
skadimisetty *       128 |           LEAR       137 |             0       N/A
vtsiourtis         1 |           LEAR       137 |             0       N/A
vvassiliades         0 |           LEAR       137 |             0       N/A
